2025-05-07 09:11:25 [INFO] Logger initialized. Session started.
2025-05-07 09:11:25 [INFO] Starting Box Strategy HFT application
2025-05-07 09:11:25 [INFO] ConfigManager initialized with config file: config.json
2025-05-07 09:11:25 [INFO] Configuration loaded successfully from config.json
2025-05-07 09:11:25 [INFO] Configuration loaded. Underlying: NIFTY, Exchange: NFO, Quantity: 1
2025-05-07 09:11:25 [INFO] Initializing thread pool with 8 threads
2025-05-07 09:11:25 [INFO] Thread pool initialized with 8 threads
2025-05-07 09:11:25 [INFO] HttpClient initialized
2025-05-07 09:11:25 [INFO] Initializing AuthManager
2025-05-07 09:11:25 [INFO] API credentials loaded from configuration
2025-05-07 09:11:25 [INFO] Authentication details loaded from configuration
2025-05-07 09:11:25 [INFO] Using existing access token
2025-05-07 09:11:25 [INFO] Initializing MarketDataManager
2025-05-07 09:11:25 [INFO] MarketDataManager initialized with cache TTL: 1440 minutes
2025-05-07 09:11:25 [INFO] ExpiryManager initialized
2025-05-07 09:11:25 [INFO] Initializing FeeCalculator
2025-05-07 09:11:25 [INFO] Initializing RiskCalculator
2025-05-07 09:11:25 [INFO] Initializing MarketDepthAnalyzer
2025-05-07 09:11:25 [INFO] Initializing CombinationAnalyzer
2025-05-07 09:11:25 [INFO] Initializing OrderManager
2025-05-07 09:11:25 [INFO] Initializing PaperTrader
2025-05-07 09:11:25 [INFO] All components initialized
2025-05-07 09:11:25 [INFO] Testing option chain functionality
2025-05-07 09:11:25 [INFO] Refreshing expiries for NIFTY:NFO
2025-05-07 09:11:25 [INFO] Getting expiries for underlying: NIFTY, exchange: NFO
2025-05-07 09:11:25 [INFO] Fetching instruments for exchange: NFO
2025-05-07 09:11:25 [INFO] Getting all instruments
2025-05-07 09:11:25 [INFO] Using cached instruments data
2025-05-07 09:11:26 [INFO] Parsed 89588 instruments from CSV data
2025-05-07 09:11:26 [INFO] Instrument counts: OPTIONS=67984, FUTURES=1025, EQUITY=20585, NIFTY OPTIONS=2722
2025-05-07 09:11:26 [INFO] Loaded 89588 instruments from cache
2025-05-07 09:11:26 [INFO] Fetched 33351 instruments for exchange NFO
2025-05-07 09:11:26 [INFO] Instrument type counts: OPTIONS=32698, FUTURES=653, EQUITY=0, INDEX=0, OTHER=0
2025-05-07 09:11:26 [INFO] Found 2726 NIFTY instruments, including 2720 NIFTY options
2025-05-07 09:11:26 [INFO] Retrieved 33351 instruments from exchange NFO
2025-05-07 09:11:26 [INFO] Found 32698 total options, 2720 filtered for NIFTY, 2720 with valid expiry, 18 unique expiry dates
2025-05-07 09:11:26 [INFO] Found 17 weekly expiries and 0 monthly expiries for NIFTY
2025-05-07 09:11:26 [INFO] Found 17 unique expiries for NIFTY:NFO
2025-05-07 09:11:26 [INFO] Found 17 expiries for NIFTY
2025-05-07 09:11:26 [INFO] Getting option chain for NIFTY with expiry 2025-05-08
2025-05-07 09:11:26 [INFO] Getting all instruments
2025-05-07 09:11:26 [INFO] Using cached instruments data
2025-05-07 09:11:26 [INFO] Parsed 89588 instruments from CSV data
2025-05-07 09:11:26 [INFO] Instrument counts: OPTIONS=67984, FUTURES=1025, EQUITY=20585, NIFTY OPTIONS=2722
2025-05-07 09:11:26 [INFO] Loaded 89588 instruments from cache
2025-05-07 09:11:26 [WARN] Instrument with symbol NIFTY:NSE not found
2025-05-07 09:11:26 [INFO] Getting option chain for NIFTY, expiry: 2025-05-08
2025-05-07 09:11:26 [INFO] Fetching instruments for exchange: NFO
2025-05-07 09:11:26 [INFO] Getting all instruments
2025-05-07 09:11:26 [INFO] Using cached instruments data
2025-05-07 09:11:26 [INFO] Parsed 89588 instruments from CSV data
2025-05-07 09:11:26 [INFO] Instrument counts: OPTIONS=67984, FUTURES=1025, EQUITY=20585, NIFTY OPTIONS=2722
2025-05-07 09:11:26 [INFO] Loaded 89588 instruments from cache
2025-05-07 09:11:26 [INFO] Fetched 33351 instruments for exchange NFO
2025-05-07 09:11:26 [INFO] Instrument type counts: OPTIONS=32698, FUTURES=653, EQUITY=0, INDEX=0, OTHER=0
2025-05-07 09:11:26 [INFO] Found 2726 NIFTY instruments, including 2720 NIFTY options
2025-05-07 09:11:26 [INFO] Found 234 options (117 calls, 117 puts) for NIFTY with expiry 2025-05-08
2025-05-07 09:11:26 [INFO] Found 234 options in the chain
2025-05-07 09:11:26 [INFO] Option: NIFTY2550820400PE (9832706), Strike: 20400, Type: PE
2025-05-07 09:11:26 [INFO] Option: NIFTY2550820400CE (9832450), Strike: 20400, Type: CE
2025-05-07 09:11:26 [INFO] Option: NIFTY2550820450PE (9833218), Strike: 20450, Type: PE
2025-05-07 09:11:26 [INFO] Option: NIFTY2550820450CE (9832962), Strike: 20450, Type: CE
2025-05-07 09:11:26 [INFO] Option: NIFTY2550820500PE (9833730), Strike: 20500, Type: PE
2025-05-07 09:11:26 [INFO] Option: NIFTY2550820500CE (9833474), Strike: 20500, Type: CE
2025-05-07 09:11:26 [INFO] Option: NIFTY2550820550PE (9834242), Strike: 20550, Type: PE
2025-05-07 09:11:26 [INFO] Option: NIFTY2550820550CE (9833986), Strike: 20550, Type: CE
2025-05-07 09:11:26 [INFO] Option: NIFTY2550820600PE (9834754), Strike: 20600, Type: PE
2025-05-07 09:11:26 [INFO] Option: NIFTY2550820600CE (9834498), Strike: 20600, Type: CE
2025-05-07 09:11:26 [INFO] Getting live quotes for options
2025-05-07 09:11:26 [INFO] Getting option chain with quotes for NIFTY, expiry: 2025-05-08
2025-05-07 09:11:26 [INFO] Getting option chain for NIFTY, expiry: 2025-05-08
2025-05-07 09:11:26 [INFO] Fetching instruments for exchange: NFO
2025-05-07 09:11:26 [INFO] Getting all instruments
2025-05-07 09:11:26 [INFO] Using cached instruments data
2025-05-07 09:11:26 [INFO] Parsed 89588 instruments from CSV data
2025-05-07 09:11:26 [INFO] Instrument counts: OPTIONS=67984, FUTURES=1025, EQUITY=20585, NIFTY OPTIONS=2722
2025-05-07 09:11:26 [INFO] Loaded 89588 instruments from cache
2025-05-07 09:11:26 [INFO] Fetched 33351 instruments for exchange NFO
2025-05-07 09:11:26 [INFO] Instrument type counts: OPTIONS=32698, FUTURES=653, EQUITY=0, INDEX=0, OTHER=0
2025-05-07 09:11:26 [INFO] Found 2726 NIFTY instruments, including 2720 NIFTY options
2025-05-07 09:11:26 [INFO] Found 234 options (117 calls, 117 puts) for NIFTY with expiry 2025-05-08
2025-05-07 09:11:26 [WARN] Authentication error in API request. Status code: 403
2025-05-07 09:11:26 [INFO] Invalidating access token
2025-05-07 09:11:26 [ERROR] Failed to invalidate access token. Status code: 400, Response: {"status":"error","message":"`api_key` should be minimum 6 characters in length.","data":null,"error_type":"InputException"}
2025-05-07 09:11:26 [ERROR] Failed to get quotes. Status code: 403, Response: {"status":"error","message":"Incorrect `api_key` or `access_token`.","data":null,"error_type":"TokenException"}
2025-05-07 09:11:26 [INFO] Got quotes for 0/234 options in the chain
2025-05-07 09:11:26 [INFO] Starting main trading loop
2025-05-07 09:11:26 [INFO] Scanning for profitable box spreads
2025-05-07 09:11:26 [INFO] Finding profitable spreads for NIFTY:NFO
2025-05-07 09:11:26 [INFO] Filtered to 0 expiries for NIFTY:NFO
2025-05-07 09:11:26 [INFO] Found 0 expiries to analyze
2025-05-07 09:11:26 [INFO] Found a total of 0 profitable spreads
2025-05-07 09:11:26 [INFO] No profitable box spreads found. Waiting for next scan...
2025-05-07 09:11:26 [INFO] Waiting 60 seconds for next scan
