2025-05-07 17:18:30 [INFO] Logger initialized. Session started.
2025-05-07 17:18:30 [INFO] Starting Box Strategy HFT application
2025-05-07 17:18:30 [INFO] ConfigManager initialized with config file: config.json
2025-05-07 17:18:30 [INFO] Configuration loaded successfully from config.json
2025-05-07 17:18:30 [INFO] Configuration loaded. Underlying: NIFTY, Exchange: NFO, Quantity: 1
2025-05-07 17:18:30 [INFO] Initializing thread pool with 8 threads
2025-05-07 17:18:30 [INFO] Thread pool initialized with 8 threads
2025-05-07 17:18:30 [INFO] HttpClient initialized
2025-05-07 17:18:30 [INFO] Initializing AuthManager
2025-05-07 17:18:30 [INFO] API credentials loaded from configuration
2025-05-07 17:18:30 [INFO] Access token is not valid. Please authenticate.
2025-05-07 17:18:30 [INFO] Generated login URL: https://kite.zerodha.com/connect/login?api_key=6vhmpqt5hv49r01o&v=3
2025-05-07 17:19:07 [INFO] Generating access token with request token: 0tUlJOWb1FA3pRPCY94Qfn6toBUCslvL
2025-05-07 17:19:07 [INFO] Access token generated successfully
2025-05-07 17:19:07 [INFO] Configuration saved successfully to config.json
2025-05-07 17:19:07 [INFO] Authentication successful
2025-05-07 17:19:07 [INFO] Initializing MarketDataManager
2025-05-07 17:19:07 [INFO] MarketDataManager initialized with cache TTL: 1440 minutes
2025-05-07 17:19:07 [INFO] ExpiryManager initialized
2025-05-07 17:19:07 [INFO] Initializing FeeCalculator
2025-05-07 17:19:07 [INFO] Initializing RiskCalculator
2025-05-07 17:19:07 [INFO] Initializing MarketDepthAnalyzer
2025-05-07 17:19:07 [INFO] Initializing CombinationAnalyzer
2025-05-07 17:19:07 [INFO] Initializing OrderManager
2025-05-07 17:19:07 [INFO] Initializing PaperTrader
2025-05-07 17:19:07 [INFO] All components initialized
2025-05-07 17:19:07 [INFO] Testing option chain functionality
2025-05-07 17:19:07 [INFO] Refreshing expiries for NIFTY:NFO
2025-05-07 17:19:07 [INFO] Getting expiries for underlying: NIFTY, exchange: NFO
2025-05-07 17:19:07 [INFO] Fetching instruments for exchange: NFO
2025-05-07 17:19:07 [INFO] Getting all instruments
2025-05-07 17:19:07 [INFO] Using cached instruments data
2025-05-07 17:19:08 [INFO] Parsed 89588 instruments from CSV data
2025-05-07 17:19:08 [INFO] Instrument counts: OPTIONS=67984, FUTURES=1025, EQUITY=20585, NIFTY OPTIONS=2722
2025-05-07 17:19:08 [INFO] Loaded 89588 instruments from cache
2025-05-07 17:19:08 [INFO] Fetched 33351 instruments for exchange NFO
2025-05-07 17:19:08 [INFO] Instrument type counts: OPTIONS=32698, FUTURES=653, EQUITY=0, INDEX=0, OTHER=0
2025-05-07 17:19:08 [INFO] Found 2726 NIFTY instruments, including 2720 NIFTY options
2025-05-07 17:19:08 [INFO] Retrieved 33351 instruments from exchange NFO
2025-05-07 17:19:08 [INFO] Found 32698 total options, 2720 filtered for NIFTY, 2720 with valid expiry, 18 unique expiry dates
2025-05-07 17:19:08 [INFO] Found 17 weekly expiries and 0 monthly expiries for NIFTY
2025-05-07 17:19:08 [INFO] Found 17 unique expiries for NIFTY:NFO
2025-05-07 17:19:08 [INFO] Found 17 expiries for NIFTY
2025-05-07 17:19:08 [INFO] Getting option chain for NIFTY with expiry 2025-05-08
2025-05-07 17:19:08 [INFO] Getting all instruments
2025-05-07 17:19:08 [INFO] Using cached instruments data
2025-05-07 17:19:08 [INFO] Parsed 89588 instruments from CSV data
2025-05-07 17:19:08 [INFO] Instrument counts: OPTIONS=67984, FUTURES=1025, EQUITY=20585, NIFTY OPTIONS=2722
2025-05-07 17:19:08 [INFO] Loaded 89588 instruments from cache
2025-05-07 17:19:08 [WARN] Instrument with symbol NIFTY:NSE not found
2025-05-07 17:19:08 [INFO] Getting option chain for NIFTY, expiry: 2025-05-08
2025-05-07 17:19:08 [INFO] Fetching instruments for exchange: NFO
2025-05-07 17:19:08 [INFO] Getting all instruments
2025-05-07 17:19:08 [INFO] Using cached instruments data
2025-05-07 17:19:08 [INFO] Parsed 89588 instruments from CSV data
2025-05-07 17:19:08 [INFO] Instrument counts: OPTIONS=67984, FUTURES=1025, EQUITY=20585, NIFTY OPTIONS=2722
2025-05-07 17:19:08 [INFO] Loaded 89588 instruments from cache
2025-05-07 17:19:08 [INFO] Fetched 33351 instruments for exchange NFO
2025-05-07 17:19:08 [INFO] Instrument type counts: OPTIONS=32698, FUTURES=653, EQUITY=0, INDEX=0, OTHER=0
2025-05-07 17:19:08 [INFO] Found 2726 NIFTY instruments, including 2720 NIFTY options
2025-05-07 17:19:08 [INFO] Found 234 options (117 calls, 117 puts) for NIFTY with expiry 2025-05-08
2025-05-07 17:19:08 [INFO] Found 234 options in the chain
2025-05-07 17:19:08 [INFO] Option: NIFTY2550820400PE (9832706), Strike: 20400, Type: PE
2025-05-07 17:19:08 [INFO] Option: NIFTY2550820400CE (9832450), Strike: 20400, Type: CE
2025-05-07 17:19:08 [INFO] Option: NIFTY2550820450PE (9833218), Strike: 20450, Type: PE
2025-05-07 17:19:08 [INFO] Option: NIFTY2550820450CE (9832962), Strike: 20450, Type: CE
2025-05-07 17:19:08 [INFO] Option: NIFTY2550820500PE (9833730), Strike: 20500, Type: PE
2025-05-07 17:19:08 [INFO] Option: NIFTY2550820500CE (9833474), Strike: 20500, Type: CE
2025-05-07 17:19:08 [INFO] Option: NIFTY2550820550PE (9834242), Strike: 20550, Type: PE
2025-05-07 17:19:08 [INFO] Option: NIFTY2550820550CE (9833986), Strike: 20550, Type: CE
2025-05-07 17:19:08 [INFO] Option: NIFTY2550820600PE (9834754), Strike: 20600, Type: PE
2025-05-07 17:19:08 [INFO] Option: NIFTY2550820600CE (9834498), Strike: 20600, Type: CE
2025-05-07 17:19:08 [INFO] Getting live quotes for options
2025-05-07 17:19:08 [INFO] Getting option chain with quotes for NIFTY, expiry: 2025-05-08
2025-05-07 17:19:08 [INFO] Getting option chain for NIFTY, expiry: 2025-05-08
2025-05-07 17:19:08 [INFO] Fetching instruments for exchange: NFO
2025-05-07 17:19:08 [INFO] Getting all instruments
2025-05-07 17:19:08 [INFO] Using cached instruments data
2025-05-07 17:19:08 [INFO] Parsed 89588 instruments from CSV data
2025-05-07 17:19:08 [INFO] Instrument counts: OPTIONS=67984, FUTURES=1025, EQUITY=20585, NIFTY OPTIONS=2722
2025-05-07 17:19:08 [INFO] Loaded 89588 instruments from cache
2025-05-07 17:19:08 [INFO] Fetched 33351 instruments for exchange NFO
2025-05-07 17:19:08 [INFO] Instrument type counts: OPTIONS=32698, FUTURES=653, EQUITY=0, INDEX=0, OTHER=0
2025-05-07 17:19:08 [INFO] Found 2726 NIFTY instruments, including 2720 NIFTY options
2025-05-07 17:19:08 [INFO] Found 234 options (117 calls, 117 puts) for NIFTY with expiry 2025-05-08
2025-05-07 17:19:08 [INFO] Got quotes for 234/234 options in the chain
2025-05-07 17:19:08 [INFO] Got quotes for 234 options
2025-05-07 17:19:08 [INFO] Option with quote: NIFTY2550820400PE, Strike: 20400, Type: PE, LTP: 0.65, Bid: 0.55, Ask: 0.65
2025-05-07 17:19:08 [INFO] Option with quote: NIFTY2550820400CE, Strike: 20400, Type: CE, LTP: 0, Bid: 3912.75, Ask: 4027.9
2025-05-07 17:19:08 [INFO] Option with quote: NIFTY2550820450PE, Strike: 20450, Type: PE, LTP: 0.75, Bid: 0.55, Ask: 0.6
2025-05-07 17:19:08 [INFO] Option with quote: NIFTY2550820450CE, Strike: 20450, Type: CE, LTP: 3918.2, Bid: 3864.25, Ask: 3971.55
2025-05-07 17:19:08 [INFO] Option with quote: NIFTY2550820500PE, Strike: 20500, Type: PE, LTP: 0.6, Bid: 0.55, Ask: 0.75
2025-05-07 17:19:08 [INFO] Starting main trading loop
2025-05-07 17:19:08 [INFO] Scanning for profitable box spreads
2025-05-07 17:19:08 [INFO] Finding profitable spreads for NIFTY:NFO
2025-05-07 17:19:08 [INFO] Filtered to 0 expiries for NIFTY:NFO
2025-05-07 17:19:08 [INFO] Found 0 expiries to analyze
2025-05-07 17:19:08 [INFO] Found a total of 0 profitable spreads
2025-05-07 17:19:08 [INFO] No profitable box spreads found. Waiting for next scan...
2025-05-07 17:19:08 [INFO] Waiting 60 seconds for next scan
2025-05-07 17:19:26 [INFO] Main trading loop terminated
2025-05-07 17:19:26 [INFO] Paper trading total profit/loss: 0
2025-05-07 17:19:26 [INFO] Box Strategy HFT application shutting down
2025-05-07 17:19:26 [INFO] MarketDataManager destroyed
2025-05-07 17:19:26 [INFO] HttpClient cleaned up
2025-05-07 17:19:26 [INFO] Shutting down thread pool
2025-05-07 17:19:26 [INFO] Thread pool shutdown complete
2025-05-07 17:19:26 [INFO] Session ended.
